[0.012s] Invoking command in '/home/jinyoung/zeta_ws/build/zeta2_navigation': /usr/bin/cmake --build /home/jinyoung/zeta_ws/build/zeta2_navigation -- -j16 -l16
[0.123s] Traceback (most recent call last):
[0.124s]   File "/opt/ros/humble/share/ament_cmake_core/cmake/package_templates/templates_2_cmake.py", line 21, in <module>
[0.124s]     from ament_package.templates import get_environment_hook_template_path
[0.124s] ModuleNotFoundError: No module named 'ament_package'
[0.124s] [31mCMake Error at /opt/ros/humble/share/ament_cmake_core/cmake/ament_cmake_package_templates-extras.cmake:41 (message):
[0.125s]   execute_process(/usr/bin/python3
[0.125s]   /opt/ros/humble/share/ament_cmake_core/cmake/package_templates/templates_2_cmake.py
[0.125s]   /home/jinyoung/zeta_ws/build/zeta2_navigation/ament_cmake_package_templates/templates.cmake)
[0.125s]   returned error code 1
[0.125s] Call Stack (most recent call first):
[0.125s]   /opt/ros/humble/share/ament_cmake_core/cmake/ament_cmake_coreConfig.cmake:41 (include)
[0.126s]   /opt/ros/humble/share/ament_cmake/cmake/ament_cmake_export_dependencies-extras.cmake:15 (find_package)
[0.126s]   /opt/ros/humble/share/ament_cmake/cmake/ament_cmakeConfig.cmake:41 (include)
[0.126s]   CMakeLists.txt:19 (find_package)
[0.126s] 
[0.127s] [0m
[0.127s] gmake: *** [Makefile:226: cmake_check_build_system] Error 1
[0.128s] -- Found ament_cmake: 1.3.10 (/opt/ros/humble/share/ament_cmake/cmake)
[0.128s] -- Configuring incomplete, errors occurred!
[0.129s] See also "/home/jinyoung/zeta_ws/build/zeta2_navigation/CMakeFiles/CMakeOutput.log".
[0.131s] Invoked command in '/home/jinyoung/zeta_ws/build/zeta2_navigation' returned '2': /usr/bin/cmake --build /home/jinyoung/zeta_ws/build/zeta2_navigation -- -j16 -l16
